{"/Users/abhishekkumar/code/standard_charter_test_notes_app/note-app/src/App.tsx": {"path":"/Users/abhishekkumar/code/standard_charter_test_notes_app/note-app/src/App.tsx","all":true,"statementMap":{"0":{"start":{"line":1,"column":0},"end":{"line":1,"column":39}},"1":{"start":{"line":2,"column":0},"end":{"line":2,"column":34}},"2":{"start":{"line":3,"column":0},"end":{"line":3,"column":40}},"3":{"start":{"line":4,"column":0},"end":{"line":4,"column":54}},"4":{"start":{"line":5,"column":0},"end":{"line":5,"column":60}},"6":{"start":{"line":7,"column":0},"end":{"line":7,"column":19}},"7":{"start":{"line":8,"column":0},"end":{"line":8,"column":91}},"9":{"start":{"line":10,"column":0},"end":{"line":10,"column":19}},"10":{"start":{"line":11,"column":0},"end":{"line":11,"column":10}},"11":{"start":{"line":12,"column":0},"end":{"line":12,"column":28}},"12":{"start":{"line":13,"column":0},"end":{"line":13,"column":16}},"13":{"start":{"line":14,"column":0},"end":{"line":14,"column":37}},"14":{"start":{"line":15,"column":0},"end":{"line":15,"column":22}},"15":{"start":{"line":16,"column":0},"end":{"line":16,"column":20}},"16":{"start":{"line":17,"column":0},"end":{"line":17,"column":31}},"17":{"start":{"line":18,"column":0},"end":{"line":18,"column":12}},"18":{"start":{"line":19,"column":0},"end":{"line":19,"column":15}},"20":{"start":{"line":21,"column":0},"end":{"line":21,"column":2}},"22":{"start":{"line":23,"column":0},"end":{"line":23,"column":19}}},"s":{"0":0,"1":0,"2":0,"3":0,"4":0,"6":0,"7":0,"9":0,"10":0,"11":0,"12":0,"13":0,"14":0,"15":0,"16":0,"17":0,"18":0,"20":0,"22":0},"branchMap":{"0":{"type":"branch","line":1,"loc":{"start":{"line":1,"column":594},"end":{"line":23,"column":19}},"locations":[{"start":{"line":1,"column":594},"end":{"line":23,"column":19}}]}},"b":{"0":[0]},"fnMap":{"0":{"name":"(empty-report)","decl":{"start":{"line":1,"column":594},"end":{"line":23,"column":19}},"loc":{"start":{"line":1,"column":594},"end":{"line":23,"column":19}},"line":1}},"f":{"0":0}}
,"/Users/abhishekkumar/code/standard_charter_test_notes_app/note-app/src/localStorage.ts": {"path":"/Users/abhishekkumar/code/standard_charter_test_notes_app/note-app/src/localStorage.ts","all":false,"statementMap":{"1":{"start":{"line":2,"column":0},"end":{"line":2,"column":61}},"2":{"start":{"line":3,"column":0},"end":{"line":3,"column":9}},"3":{"start":{"line":4,"column":0},"end":{"line":4,"column":58}},"4":{"start":{"line":5,"column":0},"end":{"line":5,"column":39}},"5":{"start":{"line":6,"column":0},"end":{"line":6,"column":29}},"6":{"start":{"line":7,"column":0},"end":{"line":7,"column":9}},"7":{"start":{"line":8,"column":0},"end":{"line":8,"column":43}},"8":{"start":{"line":9,"column":0},"end":{"line":9,"column":19}},"9":{"start":{"line":10,"column":0},"end":{"line":10,"column":68}},"10":{"start":{"line":11,"column":0},"end":{"line":11,"column":25}},"11":{"start":{"line":12,"column":0},"end":{"line":12,"column":5}},"12":{"start":{"line":13,"column":0},"end":{"line":13,"column":2}},"14":{"start":{"line":15,"column":0},"end":{"line":15,"column":62}},"15":{"start":{"line":16,"column":0},"end":{"line":16,"column":9}},"16":{"start":{"line":17,"column":0},"end":{"line":17,"column":54}},"17":{"start":{"line":18,"column":0},"end":{"line":18,"column":51}},"18":{"start":{"line":19,"column":0},"end":{"line":19,"column":19}},"19":{"start":{"line":20,"column":0},"end":{"line":20,"column":65}},"20":{"start":{"line":21,"column":0},"end":{"line":21,"column":5}},"21":{"start":{"line":22,"column":0},"end":{"line":22,"column":2}}},"s":{"1":1,"2":2,"3":2,"4":2,"5":1,"6":1,"7":1,"8":2,"9":0,"10":0,"11":0,"12":2,"14":1,"15":1,"16":1,"17":1,"18":1,"19":0,"20":0,"21":1},"branchMap":{"0":{"type":"branch","line":2,"loc":{"start":{"line":2,"column":25},"end":{"line":13,"column":2}},"locations":[{"start":{"line":2,"column":25},"end":{"line":13,"column":2}}]},"1":{"type":"branch","line":5,"loc":{"start":{"line":5,"column":38},"end":{"line":9,"column":13}},"locations":[{"start":{"line":5,"column":38},"end":{"line":9,"column":13}}]},"2":{"type":"branch","line":9,"loc":{"start":{"line":9,"column":4},"end":{"line":12,"column":5}},"locations":[{"start":{"line":9,"column":4},"end":{"line":12,"column":5}}]},"3":{"type":"branch","line":15,"loc":{"start":{"line":15,"column":25},"end":{"line":22,"column":2}},"locations":[{"start":{"line":15,"column":25},"end":{"line":22,"column":2}}]},"4":{"type":"branch","line":19,"loc":{"start":{"line":19,"column":4},"end":{"line":21,"column":5}},"locations":[{"start":{"line":19,"column":4},"end":{"line":21,"column":5}}]}},"b":{"0":[2],"1":[1],"2":[0],"3":[1],"4":[0]},"fnMap":{"0":{"name":"loadState","decl":{"start":{"line":2,"column":25},"end":{"line":13,"column":2}},"loc":{"start":{"line":2,"column":25},"end":{"line":13,"column":2}},"line":2},"1":{"name":"saveState","decl":{"start":{"line":15,"column":25},"end":{"line":22,"column":2}},"loc":{"start":{"line":15,"column":25},"end":{"line":22,"column":2}},"line":15}},"f":{"0":2,"1":1}}
,"/Users/abhishekkumar/code/standard_charter_test_notes_app/note-app/src/main.tsx": {"path":"/Users/abhishekkumar/code/standard_charter_test_notes_app/note-app/src/main.tsx","all":true,"statementMap":{"0":{"start":{"line":1,"column":0},"end":{"line":1,"column":34}},"1":{"start":{"line":2,"column":0},"end":{"line":2,"column":45}},"2":{"start":{"line":3,"column":0},"end":{"line":3,"column":27}},"3":{"start":{"line":4,"column":0},"end":{"line":4,"column":20}},"5":{"start":{"line":6,"column":0},"end":{"line":6,"column":52}},"6":{"start":{"line":7,"column":0},"end":{"line":7,"column":14}},"7":{"start":{"line":8,"column":0},"end":{"line":8,"column":11}},"8":{"start":{"line":9,"column":0},"end":{"line":9,"column":16}},"9":{"start":{"line":10,"column":0},"end":{"line":10,"column":1}}},"s":{"0":0,"1":0,"2":0,"3":0,"5":0,"6":0,"7":0,"8":0,"9":0},"branchMap":{"0":{"type":"branch","line":1,"loc":{"start":{"line":1,"column":229},"end":{"line":10,"column":1}},"locations":[{"start":{"line":1,"column":229},"end":{"line":10,"column":1}}]}},"b":{"0":[0]},"fnMap":{"0":{"name":"(empty-report)","decl":{"start":{"line":1,"column":229},"end":{"line":10,"column":1}},"loc":{"start":{"line":1,"column":229},"end":{"line":10,"column":1}},"line":1}},"f":{"0":0}}
,"/Users/abhishekkumar/code/standard_charter_test_notes_app/note-app/src/components/Header.tsx": {"path":"/Users/abhishekkumar/code/standard_charter_test_notes_app/note-app/src/components/Header.tsx","all":true,"statementMap":{"0":{"start":{"line":1,"column":0},"end":{"line":1,"column":55}},"1":{"start":{"line":2,"column":0},"end":{"line":2,"column":53}},"2":{"start":{"line":3,"column":0},"end":{"line":3,"column":48}},"3":{"start":{"line":4,"column":0},"end":{"line":4,"column":72}},"5":{"start":{"line":6,"column":0},"end":{"line":6,"column":22}},"6":{"start":{"line":7,"column":0},"end":{"line":7,"column":35}},"7":{"start":{"line":8,"column":0},"end":{"line":8,"column":67}},"8":{"start":{"line":9,"column":0},"end":{"line":9,"column":36}},"9":{"start":{"line":10,"column":0},"end":{"line":10,"column":73}},"10":{"start":{"line":11,"column":0},"end":{"line":11,"column":6}},"12":{"start":{"line":13,"column":0},"end":{"line":13,"column":12}},"13":{"start":{"line":14,"column":0},"end":{"line":14,"column":35}},"14":{"start":{"line":15,"column":0},"end":{"line":15,"column":30}},"15":{"start":{"line":16,"column":0},"end":{"line":16,"column":67}},"16":{"start":{"line":17,"column":0},"end":{"line":17,"column":17}},"18":{"start":{"line":19,"column":0},"end":{"line":19,"column":2}},"20":{"start":{"line":21,"column":0},"end":{"line":21,"column":22}}},"s":{"0":0,"1":0,"2":0,"3":0,"5":0,"6":0,"7":0,"8":0,"9":0,"10":0,"12":0,"13":0,"14":0,"15":0,"16":0,"18":0,"20":0},"branchMap":{"0":{"type":"branch","line":1,"loc":{"start":{"line":1,"column":0},"end":{"line":21,"column":-367}},"locations":[{"start":{"line":1,"column":0},"end":{"line":21,"column":-367}}]}},"b":{"0":[0]},"fnMap":{"0":{"name":"(empty-report)","decl":{"start":{"line":1,"column":0},"end":{"line":21,"column":-367}},"loc":{"start":{"line":1,"column":0},"end":{"line":21,"column":-367}},"line":1}},"f":{"0":0}}
,"/Users/abhishekkumar/code/standard_charter_test_notes_app/note-app/src/components/FolderList/FolderList.tsx": {"path":"/Users/abhishekkumar/code/standard_charter_test_notes_app/note-app/src/components/FolderList/FolderList.tsx","all":false,"statementMap":{"0":{"start":{"line":1,"column":0},"end":{"line":1,"column":33}},"1":{"start":{"line":2,"column":0},"end":{"line":2,"column":55}},"3":{"start":{"line":4,"column":0},"end":{"line":4,"column":88}},"4":{"start":{"line":5,"column":0},"end":{"line":5,"column":69}},"5":{"start":{"line":6,"column":0},"end":{"line":6,"column":65}},"6":{"start":{"line":7,"column":0},"end":{"line":7,"column":78}},"7":{"start":{"line":8,"column":0},"end":{"line":8,"column":68}},"8":{"start":{"line":9,"column":0},"end":{"line":9,"column":56}},"10":{"start":{"line":11,"column":0},"end":{"line":11,"column":26}},"12":{"start":{"line":13,"column":0},"end":{"line":13,"column":36}},"13":{"start":{"line":14,"column":0},"end":{"line":14,"column":77}},"14":{"start":{"line":15,"column":0},"end":{"line":15,"column":95}},"15":{"start":{"line":16,"column":0},"end":{"line":16,"column":71}},"16":{"start":{"line":17,"column":0},"end":{"line":17,"column":59}},"17":{"start":{"line":18,"column":0},"end":{"line":18,"column":35}},"19":{"start":{"line":20,"column":0},"end":{"line":20,"column":35}},"20":{"start":{"line":21,"column":0},"end":{"line":21,"column":35}},"21":{"start":{"line":22,"column":0},"end":{"line":22,"column":45}},"22":{"start":{"line":23,"column":0},"end":{"line":23,"column":68}},"23":{"start":{"line":24,"column":0},"end":{"line":24,"column":50}},"24":{"start":{"line":25,"column":0},"end":{"line":25,"column":33}},"25":{"start":{"line":26,"column":0},"end":{"line":26,"column":9}},"26":{"start":{"line":27,"column":0},"end":{"line":27,"column":6}},"28":{"start":{"line":29,"column":0},"end":{"line":29,"column":42}},"29":{"start":{"line":30,"column":0},"end":{"line":30,"column":35}},"30":{"start":{"line":31,"column":0},"end":{"line":31,"column":43}},"31":{"start":{"line":32,"column":0},"end":{"line":32,"column":5}},"33":{"start":{"line":34,"column":0},"end":{"line":34,"column":12}},"34":{"start":{"line":35,"column":0},"end":{"line":35,"column":59}},"35":{"start":{"line":36,"column":0},"end":{"line":36,"column":37}},"36":{"start":{"line":37,"column":0},"end":{"line":37,"column":40}},"37":{"start":{"line":38,"column":0},"end":{"line":38,"column":95}},"38":{"start":{"line":39,"column":0},"end":{"line":39,"column":28}},"39":{"start":{"line":40,"column":0},"end":{"line":40,"column":28}},"40":{"start":{"line":41,"column":0},"end":{"line":41,"column":43}},"41":{"start":{"line":42,"column":0},"end":{"line":42,"column":105}},"42":{"start":{"line":43,"column":0},"end":{"line":43,"column":77}},"44":{"start":{"line":45,"column":0},"end":{"line":45,"column":60}},"45":{"start":{"line":46,"column":0},"end":{"line":46,"column":95}},"46":{"start":{"line":47,"column":0},"end":{"line":47,"column":34}},"47":{"start":{"line":48,"column":0},"end":{"line":48,"column":88}},"48":{"start":{"line":49,"column":0},"end":{"line":49,"column":81}},"49":{"start":{"line":50,"column":0},"end":{"line":50,"column":50}},"50":{"start":{"line":51,"column":0},"end":{"line":51,"column":53}},"51":{"start":{"line":52,"column":0},"end":{"line":52,"column":60}},"52":{"start":{"line":53,"column":0},"end":{"line":53,"column":64}},"53":{"start":{"line":54,"column":0},"end":{"line":54,"column":38}},"54":{"start":{"line":55,"column":0},"end":{"line":55,"column":59}},"55":{"start":{"line":56,"column":0},"end":{"line":56,"column":42}},"56":{"start":{"line":57,"column":0},"end":{"line":57,"column":34}},"57":{"start":{"line":58,"column":0},"end":{"line":58,"column":30}},"59":{"start":{"line":60,"column":0},"end":{"line":60,"column":19}},"60":{"start":{"line":61,"column":0},"end":{"line":61,"column":18}},"61":{"start":{"line":62,"column":0},"end":{"line":62,"column":40}},"62":{"start":{"line":63,"column":0},"end":{"line":63,"column":22}},"63":{"start":{"line":64,"column":0},"end":{"line":64,"column":31}},"64":{"start":{"line":65,"column":0},"end":{"line":65,"column":41}},"65":{"start":{"line":66,"column":0},"end":{"line":66,"column":70}},"66":{"start":{"line":67,"column":0},"end":{"line":67,"column":49}},"67":{"start":{"line":68,"column":0},"end":{"line":68,"column":18}},"68":{"start":{"line":69,"column":0},"end":{"line":69,"column":50}},"69":{"start":{"line":70,"column":0},"end":{"line":70,"column":53}},"70":{"start":{"line":71,"column":0},"end":{"line":71,"column":25}},"71":{"start":{"line":72,"column":0},"end":{"line":72,"column":18}},"72":{"start":{"line":73,"column":0},"end":{"line":73,"column":14}},"74":{"start":{"line":75,"column":0},"end":{"line":75,"column":2}},"76":{"start":{"line":77,"column":0},"end":{"line":77,"column":26}}},"s":{"0":1,"1":1,"3":1,"4":1,"5":1,"6":1,"7":1,"8":1,"10":1,"12":1,"13":6,"14":6,"15":6,"16":6,"17":6,"19":6,"20":1,"21":1,"22":1,"23":1,"24":1,"25":1,"26":1,"28":6,"29":0,"30":0,"31":0,"33":6,"34":6,"35":6,"36":6,"37":12,"38":12,"39":12,"40":12,"41":12,"42":12,"44":12,"45":12,"46":12,"47":12,"48":12,"49":12,"50":12,"51":0,"52":0,"53":0,"54":12,"55":12,"56":12,"57":12,"59":6,"60":6,"61":6,"62":6,"63":6,"64":6,"65":6,"66":6,"67":6,"68":6,"69":6,"70":6,"71":6,"72":6,"74":6,"76":1},"branchMap":{"0":{"type":"branch","line":13,"loc":{"start":{"line":13,"column":29},"end":{"line":75,"column":2}},"locations":[{"start":{"line":13,"column":29},"end":{"line":75,"column":2}}]},"1":{"type":"branch","line":14,"loc":{"start":{"line":14,"column":32},"end":{"line":14,"column":75}},"locations":[{"start":{"line":14,"column":32},"end":{"line":14,"column":75}}]},"2":{"type":"branch","line":15,"loc":{"start":{"line":15,"column":41},"end":{"line":15,"column":93}},"locations":[{"start":{"line":15,"column":41},"end":{"line":15,"column":93}}]},"3":{"type":"branch","line":16,"loc":{"start":{"line":16,"column":30},"end":{"line":16,"column":69}},"locations":[{"start":{"line":16,"column":30},"end":{"line":16,"column":69}}]},"4":{"type":"branch","line":20,"loc":{"start":{"line":20,"column":28},"end":{"line":27,"column":6}},"locations":[{"start":{"line":20,"column":28},"end":{"line":27,"column":6}}]},"5":{"type":"branch","line":37,"loc":{"start":{"line":37,"column":29},"end":{"line":60,"column":17}},"locations":[{"start":{"line":37,"column":29},"end":{"line":60,"column":17}}]},"6":{"type":"branch","line":42,"loc":{"start":{"line":42,"column":68},"end":{"line":42,"column":100}},"locations":[{"start":{"line":42,"column":68},"end":{"line":42,"column":100}}]},"7":{"type":"branch","line":42,"loc":{"start":{"line":42,"column":87},"end":{"line":42,"column":102}},"locations":[{"start":{"line":42,"column":87},"end":{"line":42,"column":102}}]},"8":{"type":"branch","line":56,"loc":{"start":{"line":56,"column":32},"end":{"line":56,"column":42}},"locations":[{"start":{"line":56,"column":32},"end":{"line":56,"column":42}}]},"9":{"type":"branch","line":38,"loc":{"start":{"line":38,"column":51},"end":{"line":38,"column":86}},"locations":[{"start":{"line":38,"column":51},"end":{"line":38,"column":86}}]},"10":{"type":"branch","line":43,"loc":{"start":{"line":43,"column":37},"end":{"line":43,"column":77}},"locations":[{"start":{"line":43,"column":37},"end":{"line":43,"column":77}}]},"11":{"type":"branch","line":66,"loc":{"start":{"line":66,"column":30},"end":{"line":66,"column":70}},"locations":[{"start":{"line":66,"column":30},"end":{"line":66,"column":70}}]}},"b":{"0":[6],"1":[10],"2":[10],"3":[10],"4":[1],"5":[12],"6":[6],"7":[6],"8":[0],"9":[36],"10":[1],"11":[1]},"fnMap":{"0":{"name":"FolderList","decl":{"start":{"line":13,"column":29},"end":{"line":75,"column":2}},"loc":{"start":{"line":13,"column":29},"end":{"line":75,"column":2}},"line":13},"1":{"name":"handleAddFolder","decl":{"start":{"line":20,"column":28},"end":{"line":27,"column":6}},"loc":{"start":{"line":20,"column":28},"end":{"line":27,"column":6}},"line":20},"2":{"name":"handleDelete","decl":{"start":{"line":29,"column":25},"end":{"line":32,"column":5}},"loc":{"start":{"line":29,"column":25},"end":{"line":32,"column":5}},"line":29},"3":{"name":"onClick","decl":{"start":{"line":43,"column":37},"end":{"line":43,"column":77}},"loc":{"start":{"line":43,"column":37},"end":{"line":43,"column":77}},"line":43},"4":{"name":"onClick","decl":{"start":{"line":51,"column":45},"end":{"line":54,"column":38}},"loc":{"start":{"line":51,"column":45},"end":{"line":54,"column":38}},"line":51},"5":{"name":"onChange","decl":{"start":{"line":66,"column":30},"end":{"line":66,"column":70}},"loc":{"start":{"line":66,"column":30},"end":{"line":66,"column":70}},"line":66}},"f":{"0":6,"1":1,"2":0,"3":1,"4":0,"5":1}}
,"/Users/abhishekkumar/code/standard_charter_test_notes_app/note-app/src/components/NoteEditor/NoteEditor.tsx": {"path":"/Users/abhishekkumar/code/standard_charter_test_notes_app/note-app/src/components/NoteEditor/NoteEditor.tsx","all":false,"statementMap":{"0":{"start":{"line":1,"column":0},"end":{"line":1,"column":14}},"1":{"start":{"line":2,"column":0},"end":{"line":2,"column":59}},"2":{"start":{"line":3,"column":0},"end":{"line":3,"column":55}},"3":{"start":{"line":4,"column":0},"end":{"line":4,"column":68}},"5":{"start":{"line":6,"column":0},"end":{"line":6,"column":45}},"7":{"start":{"line":8,"column":0},"end":{"line":8,"column":26}},"17":{"start":{"line":18,"column":0},"end":{"line":18,"column":81}},"18":{"start":{"line":19,"column":0},"end":{"line":19,"column":95}},"19":{"start":{"line":20,"column":0},"end":{"line":20,"column":58}},"20":{"start":{"line":21,"column":0},"end":{"line":21,"column":78}},"21":{"start":{"line":22,"column":0},"end":{"line":22,"column":6}},"23":{"start":{"line":24,"column":0},"end":{"line":24,"column":66}},"25":{"start":{"line":26,"column":0},"end":{"line":26,"column":21}},"26":{"start":{"line":27,"column":0},"end":{"line":27,"column":42}},"27":{"start":{"line":28,"column":0},"end":{"line":28,"column":27}},"30":{"start":{"line":31,"column":0},"end":{"line":31,"column":52}},"31":{"start":{"line":32,"column":0},"end":{"line":32,"column":35}},"33":{"start":{"line":34,"column":0},"end":{"line":34,"column":30}},"34":{"start":{"line":35,"column":0},"end":{"line":35,"column":64}},"35":{"start":{"line":36,"column":0},"end":{"line":36,"column":27}},"36":{"start":{"line":37,"column":0},"end":{"line":37,"column":33}},"37":{"start":{"line":38,"column":0},"end":{"line":38,"column":32}},"38":{"start":{"line":39,"column":0},"end":{"line":39,"column":37}},"39":{"start":{"line":40,"column":0},"end":{"line":40,"column":52}},"40":{"start":{"line":41,"column":0},"end":{"line":41,"column":16}},"41":{"start":{"line":42,"column":0},"end":{"line":42,"column":16}},"42":{"start":{"line":43,"column":0},"end":{"line":43,"column":30}},"43":{"start":{"line":44,"column":0},"end":{"line":44,"column":42}},"44":{"start":{"line":45,"column":0},"end":{"line":45,"column":34}},"45":{"start":{"line":46,"column":0},"end":{"line":46,"column":37}},"46":{"start":{"line":47,"column":0},"end":{"line":47,"column":56}},"47":{"start":{"line":48,"column":0},"end":{"line":48,"column":52}},"48":{"start":{"line":49,"column":0},"end":{"line":49,"column":52}},"49":{"start":{"line":50,"column":0},"end":{"line":50,"column":16}},"50":{"start":{"line":51,"column":0},"end":{"line":51,"column":9}},"51":{"start":{"line":52,"column":0},"end":{"line":52,"column":6}},"53":{"start":{"line":54,"column":0},"end":{"line":54,"column":52}},"54":{"start":{"line":55,"column":0},"end":{"line":55,"column":31}},"55":{"start":{"line":56,"column":0},"end":{"line":56,"column":24}},"56":{"start":{"line":57,"column":0},"end":{"line":57,"column":28}},"57":{"start":{"line":58,"column":0},"end":{"line":58,"column":6}},"59":{"start":{"line":60,"column":0},"end":{"line":60,"column":39}},"60":{"start":{"line":61,"column":0},"end":{"line":61,"column":28}},"61":{"start":{"line":62,"column":0},"end":{"line":62,"column":5}},"64":{"start":{"line":65,"column":0},"end":{"line":65,"column":12}},"65":{"start":{"line":66,"column":0},"end":{"line":66,"column":37}},"66":{"start":{"line":67,"column":0},"end":{"line":67,"column":16}},"67":{"start":{"line":68,"column":0},"end":{"line":68,"column":42}},"68":{"start":{"line":69,"column":0},"end":{"line":69,"column":42}},"69":{"start":{"line":70,"column":0},"end":{"line":70,"column":31}},"70":{"start":{"line":71,"column":0},"end":{"line":71,"column":32}},"71":{"start":{"line":72,"column":0},"end":{"line":72,"column":61}},"72":{"start":{"line":73,"column":0},"end":{"line":73,"column":37}},"73":{"start":{"line":74,"column":0},"end":{"line":74,"column":47}},"74":{"start":{"line":75,"column":0},"end":{"line":75,"column":45}},"75":{"start":{"line":76,"column":0},"end":{"line":76,"column":19}},"76":{"start":{"line":77,"column":0},"end":{"line":77,"column":14}},"78":{"start":{"line":79,"column":0},"end":{"line":79,"column":2}}},"s":{"0":1,"1":1,"2":1,"3":1,"5":1,"7":1,"17":1,"18":14,"19":14,"20":22,"21":14,"23":14,"25":14,"26":8,"27":14,"30":14,"31":14,"33":14,"34":3,"35":3,"36":2,"37":2,"38":2,"39":2,"40":2,"41":3,"42":1,"43":1,"44":1,"45":1,"46":1,"47":1,"48":1,"49":1,"50":1,"51":3,"53":14,"54":14,"55":3,"56":3,"57":3,"59":14,"60":0,"61":0,"64":14,"65":14,"66":14,"67":14,"68":14,"69":14,"70":14,"71":14,"72":14,"73":14,"74":14,"75":14,"76":14,"78":14},"branchMap":{"0":{"type":"branch","line":18,"loc":{"start":{"line":18,"column":53},"end":{"line":79,"column":2}},"locations":[{"start":{"line":18,"column":53},"end":{"line":79,"column":2}}]},"1":{"type":"branch","line":24,"loc":{"start":{"line":24,"column":43},"end":{"line":24,"column":64}},"locations":[{"start":{"line":24,"column":43},"end":{"line":24,"column":64}}]},"2":{"type":"branch","line":28,"loc":{"start":{"line":28,"column":8},"end":{"line":28,"column":24}},"locations":[{"start":{"line":28,"column":8},"end":{"line":28,"column":24}}]},"3":{"type":"branch","line":19,"loc":{"start":{"line":19,"column":41},"end":{"line":19,"column":93}},"locations":[{"start":{"line":19,"column":41},"end":{"line":19,"column":93}}]},"4":{"type":"branch","line":20,"loc":{"start":{"line":20,"column":37},"end":{"line":21,"column":78}},"locations":[{"start":{"line":20,"column":37},"end":{"line":21,"column":78}}]},"5":{"type":"branch","line":21,"loc":{"start":{"line":21,"column":31},"end":{"line":21,"column":77}},"locations":[{"start":{"line":21,"column":31},"end":{"line":21,"column":77}}]},"6":{"type":"branch","line":26,"loc":{"start":{"line":26,"column":14},"end":{"line":28,"column":7}},"locations":[{"start":{"line":26,"column":14},"end":{"line":28,"column":7}}]},"7":{"type":"branch","line":27,"loc":{"start":{"line":27,"column":19},"end":{"line":27,"column":40}},"locations":[{"start":{"line":27,"column":19},"end":{"line":27,"column":40}}]},"8":{"type":"branch","line":34,"loc":{"start":{"line":34,"column":23},"end":{"line":52,"column":6}},"locations":[{"start":{"line":34,"column":23},"end":{"line":52,"column":6}}]},"9":{"type":"branch","line":35,"loc":{"start":{"line":35,"column":39},"end":{"line":35,"column":61}},"locations":[{"start":{"line":35,"column":39},"end":{"line":35,"column":61}}]},"10":{"type":"branch","line":35,"loc":{"start":{"line":35,"column":48},"end":{"line":35,"column":64}},"locations":[{"start":{"line":35,"column":48},"end":{"line":35,"column":64}}]},"11":{"type":"branch","line":36,"loc":{"start":{"line":36,"column":26},"end":{"line":42,"column":15}},"locations":[{"start":{"line":36,"column":26},"end":{"line":42,"column":15}}]},"12":{"type":"branch","line":42,"loc":{"start":{"line":42,"column":8},"end":{"line":51,"column":9}},"locations":[{"start":{"line":42,"column":8},"end":{"line":51,"column":9}}]},"13":{"type":"branch","line":47,"loc":{"start":{"line":47,"column":26},"end":{"line":47,"column":56}},"locations":[{"start":{"line":47,"column":26},"end":{"line":47,"column":56}}]},"14":{"type":"branch","line":55,"loc":{"start":{"line":55,"column":24},"end":{"line":58,"column":6}},"locations":[{"start":{"line":55,"column":24},"end":{"line":58,"column":6}}]}},"b":{"0":[14],"1":[3],"2":[3],"3":[22],"4":[22],"5":[50],"6":[8],"7":[3],"8":[3],"9":[2],"10":[1],"11":[2],"12":[1],"13":[0],"14":[3]},"fnMap":{"0":{"name":"NoteEditor","decl":{"start":{"line":18,"column":53},"end":{"line":79,"column":2}},"loc":{"start":{"line":18,"column":53},"end":{"line":79,"column":2}},"line":18},"1":{"name":"handleSave","decl":{"start":{"line":34,"column":23},"end":{"line":52,"column":6}},"loc":{"start":{"line":34,"column":23},"end":{"line":52,"column":6}},"line":34},"2":{"name":"handleInput","decl":{"start":{"line":55,"column":24},"end":{"line":58,"column":6}},"loc":{"start":{"line":55,"column":24},"end":{"line":58,"column":6}},"line":55},"3":{"name":"handleMouseAndKeyUp","decl":{"start":{"line":60,"column":32},"end":{"line":62,"column":5}},"loc":{"start":{"line":60,"column":32},"end":{"line":62,"column":5}},"line":60}},"f":{"0":14,"1":3,"2":3,"3":0}}
,"/Users/abhishekkumar/code/standard_charter_test_notes_app/note-app/src/components/NoteEditorContainer/NoteEditorContainer.tsx": {"path":"/Users/abhishekkumar/code/standard_charter_test_notes_app/note-app/src/components/NoteEditorContainer/NoteEditorContainer.tsx","all":false,"statementMap":{"0":{"start":{"line":1,"column":0},"end":{"line":1,"column":33}},"1":{"start":{"line":2,"column":0},"end":{"line":2,"column":54}},"2":{"start":{"line":3,"column":0},"end":{"line":3,"column":57}},"4":{"start":{"line":5,"column":0},"end":{"line":5,"column":35}},"6":{"start":{"line":7,"column":0},"end":{"line":7,"column":42}},"7":{"start":{"line":8,"column":0},"end":{"line":8,"column":48}},"8":{"start":{"line":9,"column":0},"end":{"line":9,"column":52}},"9":{"start":{"line":10,"column":0},"end":{"line":10,"column":58}},"11":{"start":{"line":12,"column":0},"end":{"line":12,"column":61}},"12":{"start":{"line":13,"column":0},"end":{"line":13,"column":52}},"13":{"start":{"line":14,"column":0},"end":{"line":14,"column":6}},"15":{"start":{"line":16,"column":0},"end":{"line":16,"column":30}},"16":{"start":{"line":17,"column":0},"end":{"line":17,"column":26}},"17":{"start":{"line":18,"column":0},"end":{"line":18,"column":27}},"18":{"start":{"line":19,"column":0},"end":{"line":19,"column":5}},"19":{"start":{"line":20,"column":0},"end":{"line":20,"column":32}},"20":{"start":{"line":21,"column":0},"end":{"line":21,"column":28}},"21":{"start":{"line":22,"column":0},"end":{"line":22,"column":30}},"22":{"start":{"line":23,"column":0},"end":{"line":23,"column":6}},"23":{"start":{"line":24,"column":0},"end":{"line":24,"column":35}},"24":{"start":{"line":25,"column":0},"end":{"line":25,"column":31}},"25":{"start":{"line":26,"column":0},"end":{"line":26,"column":37}},"26":{"start":{"line":27,"column":0},"end":{"line":27,"column":5}},"28":{"start":{"line":29,"column":0},"end":{"line":29,"column":45}},"29":{"start":{"line":30,"column":0},"end":{"line":30,"column":54}},"30":{"start":{"line":31,"column":0},"end":{"line":31,"column":58}},"31":{"start":{"line":32,"column":0},"end":{"line":32,"column":64}},"32":{"start":{"line":33,"column":0},"end":{"line":33,"column":6}},"35":{"start":{"line":36,"column":0},"end":{"line":36,"column":12}},"36":{"start":{"line":37,"column":0},"end":{"line":37,"column":47}},"37":{"start":{"line":38,"column":0},"end":{"line":38,"column":24}},"38":{"start":{"line":39,"column":0},"end":{"line":39,"column":31}},"39":{"start":{"line":40,"column":0},"end":{"line":40,"column":35}},"40":{"start":{"line":41,"column":0},"end":{"line":41,"column":41}},"41":{"start":{"line":42,"column":0},"end":{"line":42,"column":40}},"42":{"start":{"line":43,"column":0},"end":{"line":43,"column":44}},"43":{"start":{"line":44,"column":0},"end":{"line":44,"column":50}},"44":{"start":{"line":45,"column":0},"end":{"line":45,"column":14}},"45":{"start":{"line":46,"column":0},"end":{"line":46,"column":23}},"46":{"start":{"line":47,"column":0},"end":{"line":47,"column":61}},"47":{"start":{"line":48,"column":0},"end":{"line":48,"column":31}},"48":{"start":{"line":49,"column":0},"end":{"line":49,"column":35}},"49":{"start":{"line":50,"column":0},"end":{"line":50,"column":41}},"50":{"start":{"line":51,"column":0},"end":{"line":51,"column":14}},"51":{"start":{"line":52,"column":0},"end":{"line":52,"column":14}},"53":{"start":{"line":54,"column":0},"end":{"line":54,"column":1}}},"s":{"0":1,"1":1,"2":1,"4":1,"6":1,"7":7,"8":7,"9":7,"11":7,"12":3,"13":3,"15":7,"16":1,"17":1,"18":1,"19":7,"20":1,"21":1,"22":1,"23":7,"24":1,"25":1,"26":1,"28":7,"29":0,"30":0,"31":0,"32":0,"35":7,"36":7,"37":7,"38":7,"39":7,"40":7,"41":7,"42":7,"43":7,"44":7,"45":7,"46":7,"47":7,"48":7,"49":7,"50":7,"51":7,"53":7},"branchMap":{"0":{"type":"branch","line":7,"loc":{"start":{"line":7,"column":35},"end":{"line":54,"column":1}},"locations":[{"start":{"line":7,"column":35},"end":{"line":54,"column":1}}]},"1":{"type":"branch","line":12,"loc":{"start":{"line":12,"column":23},"end":{"line":14,"column":6}},"locations":[{"start":{"line":12,"column":23},"end":{"line":14,"column":6}}]},"2":{"type":"branch","line":16,"loc":{"start":{"line":16,"column":23},"end":{"line":19,"column":5}},"locations":[{"start":{"line":16,"column":23},"end":{"line":19,"column":5}}]},"3":{"type":"branch","line":20,"loc":{"start":{"line":20,"column":25},"end":{"line":23,"column":6}},"locations":[{"start":{"line":20,"column":25},"end":{"line":23,"column":6}}]},"4":{"type":"branch","line":24,"loc":{"start":{"line":24,"column":28},"end":{"line":27,"column":5}},"locations":[{"start":{"line":24,"column":28},"end":{"line":27,"column":5}}]}},"b":{"0":[7],"1":[3],"2":[1],"3":[1],"4":[1]},"fnMap":{"0":{"name":"NoteEditorContainer","decl":{"start":{"line":7,"column":35},"end":{"line":54,"column":1}},"loc":{"start":{"line":7,"column":35},"end":{"line":54,"column":1}},"line":7},"1":{"name":"applyStyle","decl":{"start":{"line":12,"column":23},"end":{"line":14,"column":6}},"loc":{"start":{"line":12,"column":23},"end":{"line":14,"column":6}},"line":12},"2":{"name":"toggleBold","decl":{"start":{"line":16,"column":23},"end":{"line":19,"column":5}},"loc":{"start":{"line":16,"column":23},"end":{"line":19,"column":5}},"line":16},"3":{"name":"toggleItalic","decl":{"start":{"line":20,"column":25},"end":{"line":23,"column":6}},"loc":{"start":{"line":20,"column":25},"end":{"line":23,"column":6}},"line":20},"4":{"name":"toggleUnderline","decl":{"start":{"line":24,"column":28},"end":{"line":27,"column":5}},"loc":{"start":{"line":24,"column":28},"end":{"line":27,"column":5}},"line":24},"5":{"name":"updateStylesFromSelection","decl":{"start":{"line":29,"column":38},"end":{"line":33,"column":6}},"loc":{"start":{"line":29,"column":38},"end":{"line":33,"column":6}},"line":29}},"f":{"0":7,"1":3,"2":1,"3":1,"4":1,"5":0}}
,"/Users/abhishekkumar/code/standard_charter_test_notes_app/note-app/src/components/NoteList/NoteList.tsx": {"path":"/Users/abhishekkumar/code/standard_charter_test_notes_app/note-app/src/components/NoteList/NoteList.tsx","all":false,"statementMap":{"0":{"start":{"line":1,"column":0},"end":{"line":1,"column":30}},"3":{"start":{"line":4,"column":0},"end":{"line":4,"column":55}},"4":{"start":{"line":5,"column":0},"end":{"line":5,"column":65}},"5":{"start":{"line":6,"column":0},"end":{"line":6,"column":60}},"8":{"start":{"line":9,"column":0},"end":{"line":9,"column":100}},"10":{"start":{"line":11,"column":0},"end":{"line":11,"column":24}},"12":{"start":{"line":13,"column":0},"end":{"line":13,"column":34}},"14":{"start":{"line":15,"column":0},"end":{"line":15,"column":59}},"15":{"start":{"line":16,"column":0},"end":{"line":16,"column":89}},"16":{"start":{"line":17,"column":0},"end":{"line":17,"column":35}},"18":{"start":{"line":19,"column":0},"end":{"line":19,"column":12}},"19":{"start":{"line":20,"column":0},"end":{"line":20,"column":55}},"20":{"start":{"line":21,"column":0},"end":{"line":21,"column":32}},"21":{"start":{"line":22,"column":0},"end":{"line":22,"column":20}},"22":{"start":{"line":23,"column":0},"end":{"line":23,"column":33}},"23":{"start":{"line":24,"column":0},"end":{"line":24,"column":91}},"24":{"start":{"line":25,"column":0},"end":{"line":25,"column":65}},"26":{"start":{"line":27,"column":0},"end":{"line":27,"column":50}},"27":{"start":{"line":28,"column":0},"end":{"line":28,"column":70}},"28":{"start":{"line":29,"column":0},"end":{"line":29,"column":51}},"29":{"start":{"line":30,"column":0},"end":{"line":30,"column":84}},"30":{"start":{"line":31,"column":0},"end":{"line":31,"column":30}},"31":{"start":{"line":32,"column":0},"end":{"line":32,"column":26}},"32":{"start":{"line":33,"column":0},"end":{"line":33,"column":50}},"33":{"start":{"line":34,"column":0},"end":{"line":34,"column":40}},"34":{"start":{"line":35,"column":0},"end":{"line":35,"column":42}},"35":{"start":{"line":36,"column":0},"end":{"line":36,"column":45}},"36":{"start":{"line":37,"column":0},"end":{"line":37,"column":94}},"37":{"start":{"line":38,"column":0},"end":{"line":38,"column":62}},"38":{"start":{"line":39,"column":0},"end":{"line":39,"column":30}},"39":{"start":{"line":40,"column":0},"end":{"line":40,"column":51}},"40":{"start":{"line":41,"column":0},"end":{"line":41,"column":66}},"41":{"start":{"line":42,"column":0},"end":{"line":42,"column":26}},"42":{"start":{"line":43,"column":0},"end":{"line":43,"column":26}},"43":{"start":{"line":44,"column":0},"end":{"line":44,"column":22}},"44":{"start":{"line":45,"column":0},"end":{"line":45,"column":15}},"45":{"start":{"line":46,"column":0},"end":{"line":46,"column":14}},"47":{"start":{"line":48,"column":0},"end":{"line":48,"column":2}},"49":{"start":{"line":50,"column":0},"end":{"line":50,"column":24}}},"s":{"0":1,"3":1,"4":1,"5":1,"8":1,"10":1,"12":1,"14":3,"15":3,"16":3,"18":3,"19":3,"20":3,"21":6,"22":6,"23":6,"24":6,"26":6,"27":6,"28":6,"29":6,"30":6,"31":6,"32":6,"33":6,"34":6,"35":6,"36":1,"37":1,"38":1,"39":6,"40":6,"41":6,"42":6,"43":6,"44":3,"45":3,"47":3,"49":1},"branchMap":{"0":{"type":"branch","line":13,"loc":{"start":{"line":13,"column":27},"end":{"line":48,"column":2}},"locations":[{"start":{"line":13,"column":27},"end":{"line":48,"column":2}}]},"1":{"type":"branch","line":16,"loc":{"start":{"line":16,"column":39},"end":{"line":16,"column":87}},"locations":[{"start":{"line":16,"column":39},"end":{"line":16,"column":87}}]},"2":{"type":"branch","line":21,"loc":{"start":{"line":21,"column":23},"end":{"line":44,"column":22}},"locations":[{"start":{"line":21,"column":23},"end":{"line":44,"column":22}}]},"3":{"type":"branch","line":24,"loc":{"start":{"line":24,"column":56},"end":{"line":24,"column":86}},"locations":[{"start":{"line":24,"column":56},"end":{"line":24,"column":86}}]},"4":{"type":"branch","line":25,"loc":{"start":{"line":25,"column":29},"end":{"line":25,"column":65}},"locations":[{"start":{"line":25,"column":29},"end":{"line":25,"column":65}}]},"5":{"type":"branch","line":36,"loc":{"start":{"line":36,"column":37},"end":{"line":39,"column":30}},"locations":[{"start":{"line":36,"column":37},"end":{"line":39,"column":30}}]}},"b":{"0":[3],"1":[6],"2":[6],"3":[0],"4":[1],"5":[1]},"fnMap":{"0":{"name":"NoteList","decl":{"start":{"line":13,"column":27},"end":{"line":48,"column":2}},"loc":{"start":{"line":13,"column":27},"end":{"line":48,"column":2}},"line":13},"1":{"name":"onClick","decl":{"start":{"line":25,"column":29},"end":{"line":25,"column":65}},"loc":{"start":{"line":25,"column":29},"end":{"line":25,"column":65}},"line":25},"2":{"name":"onClick","decl":{"start":{"line":36,"column":37},"end":{"line":39,"column":30}},"loc":{"start":{"line":36,"column":37},"end":{"line":39,"column":30}},"line":36}},"f":{"0":3,"1":1,"2":1}}
,"/Users/abhishekkumar/code/standard_charter_test_notes_app/note-app/src/components/NoteToolbar/NoteToolbar.tsx": {"path":"/Users/abhishekkumar/code/standard_charter_test_notes_app/note-app/src/components/NoteToolbar/NoteToolbar.tsx","all":false,"statementMap":{"0":{"start":{"line":1,"column":0},"end":{"line":1,"column":33}},"1":{"start":{"line":2,"column":0},"end":{"line":2,"column":65}},"2":{"start":{"line":3,"column":0},"end":{"line":3,"column":82}},"4":{"start":{"line":5,"column":0},"end":{"line":5,"column":27}},"16":{"start":{"line":17,"column":0},"end":{"line":17,"column":141}},"18":{"start":{"line":19,"column":0},"end":{"line":19,"column":51}},"20":{"start":{"line":21,"column":0},"end":{"line":21,"column":61}},"21":{"start":{"line":22,"column":0},"end":{"line":22,"column":52}},"22":{"start":{"line":23,"column":0},"end":{"line":23,"column":6}},"24":{"start":{"line":25,"column":0},"end":{"line":25,"column":98}},"25":{"start":{"line":26,"column":0},"end":{"line":26,"column":36}},"26":{"start":{"line":27,"column":0},"end":{"line":27,"column":59}},"27":{"start":{"line":28,"column":0},"end":{"line":28,"column":30}},"28":{"start":{"line":29,"column":0},"end":{"line":29,"column":41}},"29":{"start":{"line":30,"column":0},"end":{"line":30,"column":9}},"30":{"start":{"line":31,"column":0},"end":{"line":31,"column":6}},"32":{"start":{"line":33,"column":0},"end":{"line":33,"column":12}},"33":{"start":{"line":34,"column":0},"end":{"line":34,"column":33}},"34":{"start":{"line":35,"column":0},"end":{"line":35,"column":113}},"35":{"start":{"line":36,"column":0},"end":{"line":36,"column":49}},"36":{"start":{"line":37,"column":0},"end":{"line":37,"column":21}},"37":{"start":{"line":38,"column":0},"end":{"line":38,"column":121}},"38":{"start":{"line":39,"column":0},"end":{"line":39,"column":51}},"39":{"start":{"line":40,"column":0},"end":{"line":40,"column":21}},"40":{"start":{"line":41,"column":0},"end":{"line":41,"column":133}},"41":{"start":{"line":42,"column":0},"end":{"line":42,"column":54}},"42":{"start":{"line":43,"column":0},"end":{"line":43,"column":21}},"43":{"start":{"line":44,"column":0},"end":{"line":44,"column":69}},"44":{"start":{"line":45,"column":0},"end":{"line":45,"column":71}},"45":{"start":{"line":46,"column":0},"end":{"line":46,"column":69}},"46":{"start":{"line":47,"column":0},"end":{"line":47,"column":19}},"47":{"start":{"line":48,"column":0},"end":{"line":48,"column":21}},"48":{"start":{"line":49,"column":0},"end":{"line":49,"column":18}},"49":{"start":{"line":50,"column":0},"end":{"line":50,"column":29}},"50":{"start":{"line":51,"column":0},"end":{"line":51,"column":23}},"51":{"start":{"line":52,"column":0},"end":{"line":52,"column":25}},"52":{"start":{"line":53,"column":0},"end":{"line":53,"column":32}},"53":{"start":{"line":54,"column":0},"end":{"line":54,"column":47}},"54":{"start":{"line":55,"column":0},"end":{"line":55,"column":61}},"55":{"start":{"line":56,"column":0},"end":{"line":56,"column":14}},"56":{"start":{"line":57,"column":0},"end":{"line":57,"column":154}},"57":{"start":{"line":58,"column":0},"end":{"line":58,"column":14}},"59":{"start":{"line":60,"column":0},"end":{"line":60,"column":1}}},"s":{"0":1,"1":1,"2":1,"4":1,"16":1,"18":16,"20":16,"21":3,"22":3,"24":16,"25":2,"26":2,"27":2,"28":2,"29":2,"30":2,"32":16,"33":16,"34":16,"35":16,"36":16,"37":16,"38":16,"39":16,"40":16,"41":16,"42":16,"43":16,"44":16,"45":160,"46":16,"47":16,"48":16,"49":16,"50":16,"51":16,"52":16,"53":16,"54":16,"55":16,"56":16,"57":16,"59":16},"branchMap":{"0":{"type":"branch","line":17,"loc":{"start":{"line":17,"column":55},"end":{"line":60,"column":1}},"locations":[{"start":{"line":17,"column":55},"end":{"line":60,"column":1}}]},"1":{"type":"branch","line":35,"loc":{"start":{"line":35,"column":39},"end":{"line":35,"column":59}},"locations":[{"start":{"line":35,"column":39},"end":{"line":35,"column":59}}]},"2":{"type":"branch","line":35,"loc":{"start":{"line":35,"column":48},"end":{"line":35,"column":61}},"locations":[{"start":{"line":35,"column":48},"end":{"line":35,"column":61}}]},"3":{"type":"branch","line":38,"loc":{"start":{"line":38,"column":41},"end":{"line":38,"column":63}},"locations":[{"start":{"line":38,"column":41},"end":{"line":38,"column":63}}]},"4":{"type":"branch","line":38,"loc":{"start":{"line":38,"column":52},"end":{"line":38,"column":65}},"locations":[{"start":{"line":38,"column":52},"end":{"line":38,"column":65}}]},"5":{"type":"branch","line":41,"loc":{"start":{"line":41,"column":44},"end":{"line":41,"column":69}},"locations":[{"start":{"line":41,"column":44},"end":{"line":41,"column":69}}]},"6":{"type":"branch","line":41,"loc":{"start":{"line":41,"column":58},"end":{"line":41,"column":71}},"locations":[{"start":{"line":41,"column":58},"end":{"line":41,"column":71}}]},"7":{"type":"branch","line":21,"loc":{"start":{"line":21,"column":23},"end":{"line":23,"column":6}},"locations":[{"start":{"line":21,"column":23},"end":{"line":23,"column":6}}]},"8":{"type":"branch","line":25,"loc":{"start":{"line":25,"column":33},"end":{"line":31,"column":6}},"locations":[{"start":{"line":25,"column":33},"end":{"line":31,"column":6}}]},"9":{"type":"branch","line":45,"loc":{"start":{"line":45,"column":62},"end":{"line":46,"column":69}},"locations":[{"start":{"line":45,"column":62},"end":{"line":46,"column":69}}]},"10":{"type":"branch","line":57,"loc":{"start":{"line":57,"column":77},"end":{"line":57,"column":125}},"locations":[{"start":{"line":57,"column":77},"end":{"line":57,"column":125}}]}},"b":{"0":[16],"1":[2],"2":[14],"3":[2],"4":[14],"5":[2],"6":[14],"7":[3],"8":[2],"9":[160],"10":[1]},"fnMap":{"0":{"name":"NoteToolbar","decl":{"start":{"line":17,"column":55},"end":{"line":60,"column":1}},"loc":{"start":{"line":17,"column":55},"end":{"line":60,"column":1}},"line":17},"1":{"name":"applyStyle","decl":{"start":{"line":21,"column":23},"end":{"line":23,"column":6}},"loc":{"start":{"line":21,"column":23},"end":{"line":23,"column":6}},"line":21},"2":{"name":"handleFontSizeChange","decl":{"start":{"line":25,"column":33},"end":{"line":31,"column":6}},"loc":{"start":{"line":25,"column":33},"end":{"line":31,"column":6}},"line":25},"3":{"name":"onChange","decl":{"start":{"line":57,"column":77},"end":{"line":57,"column":125}},"loc":{"start":{"line":57,"column":77},"end":{"line":57,"column":125}},"line":57}},"f":{"0":16,"1":3,"2":2,"3":1}}
,"/Users/abhishekkumar/code/standard_charter_test_notes_app/note-app/src/store/store.ts": {"path":"/Users/abhishekkumar/code/standard_charter_test_notes_app/note-app/src/store/store.ts","all":true,"statementMap":{"0":{"start":{"line":1,"column":0},"end":{"line":1,"column":14}},"2":{"start":{"line":3,"column":0},"end":{"line":3,"column":50}},"3":{"start":{"line":4,"column":0},"end":{"line":4,"column":63}},"4":{"start":{"line":5,"column":0},"end":{"line":5,"column":69}},"5":{"start":{"line":6,"column":0},"end":{"line":6,"column":55}},"6":{"start":{"line":7,"column":0},"end":{"line":7,"column":63}},"13":{"start":{"line":14,"column":0},"end":{"line":14,"column":54}},"14":{"start":{"line":15,"column":0},"end":{"line":15,"column":60}},"16":{"start":{"line":17,"column":0},"end":{"line":17,"column":30}},"17":{"start":{"line":18,"column":0},"end":{"line":18,"column":14}},"18":{"start":{"line":19,"column":0},"end":{"line":19,"column":28}},"19":{"start":{"line":20,"column":0},"end":{"line":20,"column":32}},"20":{"start":{"line":21,"column":0},"end":{"line":21,"column":6}},"21":{"start":{"line":22,"column":0},"end":{"line":22,"column":21}},"22":{"start":{"line":23,"column":0},"end":{"line":23,"column":63}},"23":{"start":{"line":24,"column":0},"end":{"line":24,"column":66}},"24":{"start":{"line":25,"column":0},"end":{"line":25,"column":6}},"25":{"start":{"line":26,"column":0},"end":{"line":26,"column":3}},"27":{"start":{"line":28,"column":0},"end":{"line":28,"column":23}},"28":{"start":{"line":29,"column":0},"end":{"line":29,"column":47}},"29":{"start":{"line":30,"column":0},"end":{"line":30,"column":51}},"30":{"start":{"line":31,"column":0},"end":{"line":31,"column":3}},"34":{"start":{"line":35,"column":0},"end":{"line":35,"column":21}}},"s":{"0":0,"2":0,"3":0,"4":0,"5":0,"6":0,"13":0,"14":0,"16":0,"17":0,"18":0,"19":0,"20":0,"21":0,"22":0,"23":0,"24":0,"25":0,"27":0,"28":0,"29":0,"30":0,"34":0},"branchMap":{"0":{"type":"branch","line":1,"loc":{"start":{"line":1,"column":0},"end":{"line":35,"column":-267}},"locations":[{"start":{"line":1,"column":0},"end":{"line":35,"column":-267}}]}},"b":{"0":[0]},"fnMap":{"0":{"name":"(empty-report)","decl":{"start":{"line":1,"column":0},"end":{"line":35,"column":-267}},"loc":{"start":{"line":1,"column":0},"end":{"line":35,"column":-267}},"line":1}},"f":{"0":0}}
,"/Users/abhishekkumar/code/standard_charter_test_notes_app/note-app/src/store/slices/foldersSlice.ts": {"path":"/Users/abhishekkumar/code/standard_charter_test_notes_app/note-app/src/store/slices/foldersSlice.ts","all":false,"statementMap":{"0":{"start":{"line":1,"column":0},"end":{"line":1,"column":31}},"2":{"start":{"line":3,"column":0},"end":{"line":3,"column":87}},"15":{"start":{"line":16,"column":0},"end":{"line":16,"column":36}},"16":{"start":{"line":17,"column":0},"end":{"line":17,"column":16}},"17":{"start":{"line":18,"column":0},"end":{"line":18,"column":27}},"18":{"start":{"line":19,"column":0},"end":{"line":19,"column":2}},"20":{"start":{"line":21,"column":0},"end":{"line":21,"column":34}},"21":{"start":{"line":22,"column":0},"end":{"line":22,"column":20}},"22":{"start":{"line":23,"column":0},"end":{"line":23,"column":17}},"23":{"start":{"line":24,"column":0},"end":{"line":24,"column":15}},"24":{"start":{"line":25,"column":0},"end":{"line":25,"column":57}},"25":{"start":{"line":26,"column":0},"end":{"line":26,"column":47}},"26":{"start":{"line":27,"column":0},"end":{"line":27,"column":10}},"27":{"start":{"line":28,"column":0},"end":{"line":28,"column":60}},"28":{"start":{"line":29,"column":0},"end":{"line":29,"column":52}},"29":{"start":{"line":30,"column":0},"end":{"line":30,"column":10}},"30":{"start":{"line":31,"column":0},"end":{"line":31,"column":65}},"31":{"start":{"line":32,"column":0},"end":{"line":32,"column":89}},"32":{"start":{"line":33,"column":0},"end":{"line":33,"column":9}},"33":{"start":{"line":34,"column":0},"end":{"line":34,"column":6}},"34":{"start":{"line":35,"column":0},"end":{"line":35,"column":3}},"36":{"start":{"line":37,"column":0},"end":{"line":37,"column":78}},"38":{"start":{"line":39,"column":0},"end":{"line":39,"column":54}},"39":{"start":{"line":40,"column":0},"end":{"line":40,"column":93}},"40":{"start":{"line":41,"column":0},"end":{"line":41,"column":111}},"43":{"start":{"line":44,"column":0},"end":{"line":44,"column":36}}},"s":{"0":1,"2":1,"15":1,"16":1,"17":1,"18":1,"20":1,"21":1,"22":1,"23":1,"24":1,"25":1,"26":1,"27":1,"28":1,"29":1,"30":1,"31":1,"32":1,"33":1,"34":1,"36":1,"38":1,"39":1,"40":1,"43":1},"branchMap":{"0":{"type":"branch","line":25,"loc":{"start":{"line":25,"column":8},"end":{"line":27,"column":10}},"locations":[{"start":{"line":25,"column":8},"end":{"line":27,"column":10}}]},"1":{"type":"branch","line":28,"loc":{"start":{"line":28,"column":8},"end":{"line":30,"column":10}},"locations":[{"start":{"line":28,"column":8},"end":{"line":30,"column":10}}]},"2":{"type":"branch","line":31,"loc":{"start":{"line":31,"column":22},"end":{"line":33,"column":9}},"locations":[{"start":{"line":31,"column":22},"end":{"line":33,"column":9}}]},"3":{"type":"branch","line":32,"loc":{"start":{"line":32,"column":49},"end":{"line":32,"column":87}},"locations":[{"start":{"line":32,"column":49},"end":{"line":32,"column":87}}]},"4":{"type":"branch","line":39,"loc":{"start":{"line":39,"column":19},"end":{"line":39,"column":54}},"locations":[{"start":{"line":39,"column":19},"end":{"line":39,"column":54}}]},"5":{"type":"branch","line":40,"loc":{"start":{"line":40,"column":67},"end":{"line":40,"column":91}},"locations":[{"start":{"line":40,"column":67},"end":{"line":40,"column":91}}]},"6":{"type":"branch","line":41,"loc":{"start":{"line":41,"column":76},"end":{"line":41,"column":109}},"locations":[{"start":{"line":41,"column":76},"end":{"line":41,"column":109}}]}},"b":{"0":[1],"1":[1],"2":[1],"3":[2],"4":[10],"5":[1],"6":[5]},"fnMap":{"0":{"name":"addFolder","decl":{"start":{"line":25,"column":8},"end":{"line":27,"column":10}},"loc":{"start":{"line":25,"column":8},"end":{"line":27,"column":10}},"line":25},"1":{"name":"selectFolder","decl":{"start":{"line":28,"column":8},"end":{"line":30,"column":10}},"loc":{"start":{"line":28,"column":8},"end":{"line":30,"column":10}},"line":28},"2":{"name":"deleteFolder","decl":{"start":{"line":31,"column":22},"end":{"line":33,"column":9}},"loc":{"start":{"line":31,"column":22},"end":{"line":33,"column":9}},"line":31},"3":{"name":"selectSelf","decl":{"start":{"line":39,"column":19},"end":{"line":39,"column":54}},"loc":{"start":{"line":39,"column":19},"end":{"line":39,"column":54}},"line":39}},"f":{"0":1,"1":1,"2":1,"3":10}}
,"/Users/abhishekkumar/code/standard_charter_test_notes_app/note-app/src/store/slices/notesSlice.ts": {"path":"/Users/abhishekkumar/code/standard_charter_test_notes_app/note-app/src/store/slices/notesSlice.ts","all":false,"statementMap":{"0":{"start":{"line":1,"column":0},"end":{"line":1,"column":87}},"2":{"start":{"line":3,"column":0},"end":{"line":3,"column":58}},"18":{"start":{"line":19,"column":0},"end":{"line":19,"column":34}},"19":{"start":{"line":20,"column":0},"end":{"line":20,"column":14}},"20":{"start":{"line":21,"column":0},"end":{"line":21,"column":25}},"21":{"start":{"line":22,"column":0},"end":{"line":22,"column":2}},"23":{"start":{"line":24,"column":0},"end":{"line":24,"column":32}},"24":{"start":{"line":25,"column":0},"end":{"line":25,"column":18}},"25":{"start":{"line":26,"column":0},"end":{"line":26,"column":17}},"26":{"start":{"line":27,"column":0},"end":{"line":27,"column":15}},"27":{"start":{"line":28,"column":0},"end":{"line":28,"column":53}},"28":{"start":{"line":29,"column":0},"end":{"line":29,"column":45}},"29":{"start":{"line":30,"column":0},"end":{"line":30,"column":53}},"30":{"start":{"line":31,"column":0},"end":{"line":31,"column":10}},"31":{"start":{"line":32,"column":0},"end":{"line":32,"column":56}},"32":{"start":{"line":33,"column":0},"end":{"line":33,"column":87}},"33":{"start":{"line":34,"column":0},"end":{"line":34,"column":31}},"34":{"start":{"line":35,"column":0},"end":{"line":35,"column":52}},"35":{"start":{"line":36,"column":0},"end":{"line":36,"column":13}},"36":{"start":{"line":37,"column":0},"end":{"line":37,"column":10}},"37":{"start":{"line":38,"column":0},"end":{"line":38,"column":58}},"38":{"start":{"line":39,"column":0},"end":{"line":39,"column":50}},"39":{"start":{"line":40,"column":0},"end":{"line":40,"column":10}},"40":{"start":{"line":41,"column":0},"end":{"line":41,"column":63}},"41":{"start":{"line":42,"column":0},"end":{"line":42,"column":81}},"42":{"start":{"line":43,"column":0},"end":{"line":43,"column":10}},"43":{"start":{"line":44,"column":0},"end":{"line":44,"column":73}},"44":{"start":{"line":45,"column":0},"end":{"line":45,"column":87}},"45":{"start":{"line":46,"column":0},"end":{"line":46,"column":10}},"46":{"start":{"line":47,"column":0},"end":{"line":47,"column":6}},"47":{"start":{"line":48,"column":0},"end":{"line":48,"column":3}},"49":{"start":{"line":50,"column":0},"end":{"line":50,"column":104}},"51":{"start":{"line":52,"column":0},"end":{"line":52,"column":53}},"52":{"start":{"line":53,"column":0},"end":{"line":53,"column":95}},"55":{"start":{"line":56,"column":0},"end":{"line":56,"column":67}},"57":{"start":{"line":58,"column":0},"end":{"line":58,"column":81}},"59":{"start":{"line":60,"column":0},"end":{"line":60,"column":34}},"60":{"start":{"line":61,"column":0},"end":{"line":61,"column":41}},"61":{"start":{"line":62,"column":0},"end":{"line":62,"column":72}},"62":{"start":{"line":63,"column":0},"end":{"line":63,"column":5}},"63":{"start":{"line":64,"column":0},"end":{"line":64,"column":2}},"65":{"start":{"line":66,"column":0},"end":{"line":66,"column":34}}},"s":{"0":1,"2":1,"18":1,"19":1,"20":1,"21":1,"23":1,"24":1,"25":1,"26":1,"27":1,"28":1,"29":1,"30":1,"31":1,"32":1,"33":1,"34":1,"35":1,"36":1,"37":1,"38":1,"39":1,"40":1,"41":1,"42":1,"43":1,"44":1,"45":1,"46":1,"47":1,"49":1,"51":1,"52":1,"55":1,"57":1,"59":1,"60":2,"61":2,"62":2,"63":1,"65":1},"branchMap":{"0":{"type":"branch","line":28,"loc":{"start":{"line":28,"column":8},"end":{"line":31,"column":10}},"locations":[{"start":{"line":28,"column":8},"end":{"line":31,"column":10}}]},"1":{"type":"branch","line":32,"loc":{"start":{"line":32,"column":8},"end":{"line":37,"column":10}},"locations":[{"start":{"line":32,"column":8},"end":{"line":37,"column":10}}]},"2":{"type":"branch","line":33,"loc":{"start":{"line":33,"column":48},"end":{"line":33,"column":85}},"locations":[{"start":{"line":33,"column":48},"end":{"line":33,"column":85}}]},"3":{"type":"branch","line":38,"loc":{"start":{"line":38,"column":8},"end":{"line":40,"column":10}},"locations":[{"start":{"line":38,"column":8},"end":{"line":40,"column":10}}]},"4":{"type":"branch","line":41,"loc":{"start":{"line":41,"column":20},"end":{"line":43,"column":10}},"locations":[{"start":{"line":41,"column":20},"end":{"line":43,"column":10}}]},"5":{"type":"branch","line":42,"loc":{"start":{"line":42,"column":45},"end":{"line":42,"column":79}},"locations":[{"start":{"line":42,"column":45},"end":{"line":42,"column":79}}]},"6":{"type":"branch","line":44,"loc":{"start":{"line":44,"column":30},"end":{"line":46,"column":10}},"locations":[{"start":{"line":44,"column":30},"end":{"line":46,"column":10}}]},"7":{"type":"branch","line":45,"loc":{"start":{"line":45,"column":45},"end":{"line":45,"column":85}},"locations":[{"start":{"line":45,"column":45},"end":{"line":45,"column":85}}]},"8":{"type":"branch","line":52,"loc":{"start":{"line":52,"column":19},"end":{"line":52,"column":53}},"locations":[{"start":{"line":52,"column":19},"end":{"line":52,"column":53}}]},"9":{"type":"branch","line":53,"loc":{"start":{"line":53,"column":71},"end":{"line":53,"column":93}},"locations":[{"start":{"line":53,"column":71},"end":{"line":53,"column":93}}]},"10":{"type":"branch","line":58,"loc":{"start":{"line":58,"column":5},"end":{"line":58,"column":55}},"locations":[{"start":{"line":58,"column":5},"end":{"line":58,"column":55}}]},"11":{"type":"branch","line":60,"loc":{"start":{"line":60,"column":4},"end":{"line":63,"column":5}},"locations":[{"start":{"line":60,"column":4},"end":{"line":63,"column":5}}]},"12":{"type":"branch","line":61,"loc":{"start":{"line":61,"column":31},"end":{"line":61,"column":41}},"locations":[{"start":{"line":61,"column":31},"end":{"line":61,"column":41}}]},"13":{"type":"branch","line":62,"loc":{"start":{"line":62,"column":28},"end":{"line":62,"column":70}},"locations":[{"start":{"line":62,"column":28},"end":{"line":62,"column":70}}]}},"b":{"0":[1],"1":[1],"2":[1],"3":[1],"4":[1],"5":[1],"6":[1],"7":[2],"8":[6],"9":[4],"10":[6],"11":[2],"12":[0],"13":[4]},"fnMap":{"0":{"name":"addNote","decl":{"start":{"line":28,"column":8},"end":{"line":31,"column":10}},"loc":{"start":{"line":28,"column":8},"end":{"line":31,"column":10}},"line":28},"1":{"name":"updateNote","decl":{"start":{"line":32,"column":8},"end":{"line":37,"column":10}},"loc":{"start":{"line":32,"column":8},"end":{"line":37,"column":10}},"line":32},"2":{"name":"selectNote","decl":{"start":{"line":38,"column":8},"end":{"line":40,"column":10}},"loc":{"start":{"line":38,"column":8},"end":{"line":40,"column":10}},"line":38},"3":{"name":"deleteNote","decl":{"start":{"line":41,"column":20},"end":{"line":43,"column":10}},"loc":{"start":{"line":41,"column":20},"end":{"line":43,"column":10}},"line":41},"4":{"name":"deleteNoteFromFolder","decl":{"start":{"line":44,"column":30},"end":{"line":46,"column":10}},"loc":{"start":{"line":44,"column":30},"end":{"line":46,"column":10}},"line":44},"5":{"name":"selectSelf","decl":{"start":{"line":52,"column":19},"end":{"line":52,"column":53}},"loc":{"start":{"line":52,"column":19},"end":{"line":52,"column":53}},"line":52}},"f":{"0":1,"1":1,"2":1,"3":1,"4":1,"5":6}}
,"/Users/abhishekkumar/code/standard_charter_test_notes_app/note-app/src/utils/utils.ts": {"path":"/Users/abhishekkumar/code/standard_charter_test_notes_app/note-app/src/utils/utils.ts","all":false,"statementMap":{"1":{"start":{"line":2,"column":0},"end":{"line":2,"column":45}},"2":{"start":{"line":3,"column":0},"end":{"line":3,"column":14}},"3":{"start":{"line":4,"column":0},"end":{"line":4,"column":31}},"4":{"start":{"line":5,"column":0},"end":{"line":5,"column":20}},"5":{"start":{"line":6,"column":0},"end":{"line":6,"column":32}},"6":{"start":{"line":7,"column":0},"end":{"line":7,"column":9}},"7":{"start":{"line":8,"column":0},"end":{"line":8,"column":34}},"8":{"start":{"line":9,"column":0},"end":{"line":9,"column":34}},"9":{"start":{"line":10,"column":0},"end":{"line":10,"column":18}},"10":{"start":{"line":11,"column":0},"end":{"line":11,"column":5}},"11":{"start":{"line":12,"column":0},"end":{"line":12,"column":1}},"14":{"start":{"line":15,"column":0},"end":{"line":15,"column":49}},"16":{"start":{"line":17,"column":0},"end":{"line":17,"column":62}},"17":{"start":{"line":18,"column":0},"end":{"line":18,"column":12}},"18":{"start":{"line":19,"column":0},"end":{"line":19,"column":9}},"19":{"start":{"line":20,"column":0},"end":{"line":20,"column":38}},"20":{"start":{"line":21,"column":0},"end":{"line":21,"column":30}},"21":{"start":{"line":22,"column":0},"end":{"line":22,"column":24}},"22":{"start":{"line":23,"column":0},"end":{"line":23,"column":58}},"23":{"start":{"line":24,"column":0},"end":{"line":24,"column":48}},"24":{"start":{"line":25,"column":0},"end":{"line":25,"column":48}},"25":{"start":{"line":26,"column":0},"end":{"line":26,"column":9}},"28":{"start":{"line":29,"column":0},"end":{"line":29,"column":1}},"30":{"start":{"line":31,"column":0},"end":{"line":31,"column":68}}},"s":{"1":1,"2":16,"3":16,"4":6,"5":1,"6":1,"7":6,"8":5,"9":6,"10":6,"11":16,"14":1,"16":1,"17":4,"18":4,"19":4,"20":4,"21":4,"22":4,"23":4,"24":4,"25":4,"28":4,"30":1},"branchMap":{"0":{"type":"branch","line":2,"loc":{"start":{"line":2,"column":7},"end":{"line":12,"column":1}},"locations":[{"start":{"line":2,"column":7},"end":{"line":12,"column":1}}]},"1":{"type":"branch","line":4,"loc":{"start":{"line":4,"column":11},"end":{"line":11,"column":5}},"locations":[{"start":{"line":4,"column":11},"end":{"line":11,"column":5}}]},"2":{"type":"branch","line":5,"loc":{"start":{"line":5,"column":19},"end":{"line":7,"column":9}},"locations":[{"start":{"line":5,"column":19},"end":{"line":7,"column":9}}]},"3":{"type":"branch","line":8,"loc":{"start":{"line":8,"column":27},"end":{"line":10,"column":11}},"locations":[{"start":{"line":8,"column":27},"end":{"line":10,"column":11}}]},"4":{"type":"branch","line":17,"loc":{"start":{"line":17,"column":30},"end":{"line":29,"column":1}},"locations":[{"start":{"line":17,"column":30},"end":{"line":29,"column":1}}]},"5":{"type":"branch","line":23,"loc":{"start":{"line":23,"column":22},"end":{"line":23,"column":58}},"locations":[{"start":{"line":23,"column":22},"end":{"line":23,"column":58}}]}},"b":{"0":[16],"1":[6],"2":[1],"3":[5],"4":[4],"5":[2]},"fnMap":{"0":{"name":"debounce","decl":{"start":{"line":2,"column":7},"end":{"line":12,"column":1}},"loc":{"start":{"line":2,"column":7},"end":{"line":12,"column":1}},"line":2},"1":{"name":"getDefaultNote","decl":{"start":{"line":17,"column":30},"end":{"line":29,"column":1}},"loc":{"start":{"line":17,"column":30},"end":{"line":29,"column":1}},"line":17}},"f":{"0":16,"1":4}}
}
